# JRE version: OpenJDK Runtime Environment Temurin-17.0.12+7 (17.0.12+7) (build 17.0.12+7)
# Java VM: OpenJDK 64-Bit Server VM Temurin-17.0.12+7 (17.0.12+7, mixed mode, sharing, tiered, compressed oops, compressed class ptrs, g1 gc, windows-amd64)
GC Precious Log:
 CPUs: 12 total, 12 available
 Memory: 7498M
 Large Page Support: Disabled
 NUMA Support: Disabled
 Compressed Oops: Enabled (32-bit)
 Heap Region Size: 1M
 Heap Min Capacity: 8M
 Heap Initial Capacity: 118M
 Heap Max Capacity: 1876M
 Pre-touch: Disabled
 Parallel Workers: 10
 Concurrent Workers: 3
 Concurrent Refinement Workers: 10
 Periodic GC: Disabled
Heap:
 garbage-first heap   total 73728K, used 51767K [0x000000008ac00000, 0x0000000100000000)
  region size 1024K, 35 young (35840K), 4 survivors (4096K)
 Metaspace       used 35611K, committed 36096K, reserved 1114112K
  class space    used 4690K, committed 4928K, reserved 1048576K
GC Heap History (14 events):
Event: 0.791 GC heap before
{Heap before GC invocations=0 (full 0):
 garbage-first heap   total 120832K, used 28672K [0x000000008ac00000, 0x0000000100000000)
  region size 1024K, 23 young (23552K), 0 survivors (0K)
 Metaspace       used 2921K, committed 3072K, reserved 1114112K
  class space    used 292K, committed 320K, reserved 1048576K
}
Event: 0.803 GC heap after
{Heap after GC invocations=1 (full 0):
 garbage-first heap   total 120832K, used 13392K [0x000000008ac00000, 0x0000000100000000)
  region size 1024K, 3 young (3072K), 3 survivors (3072K)
 Metaspace       used 2921K, committed 3072K, reserved 1114112K
  class space    used 292K, committed 320K, reserved 1048576K
}
Event: 1.623 GC heap before
{Heap before GC invocations=1 (full 0):
 garbage-first heap   total 120832K, used 34896K [0x000000008ac00000, 0x0000000100000000)
  region size 1024K, 24 young (24576K), 3 survivors (3072K)
 Metaspace       used 9316K, committed 9536K, reserved 1114112K
  class space    used 1107K, committed 1216K, reserved 1048576K
}
Event: 1.633 GC heap after
{Heap after GC invocations=2 (full 0):
 garbage-first heap   total 120832K, used 16108K [0x000000008ac00000, 0x0000000100000000)
  region size 1024K, 3 young (3072K), 3 survivors (3072K)
 Metaspace       used 9316K, committed 9536K, reserved 1114112K
  class space    used 1107K, committed 1216K, reserved 1048576K
}
Event: 8.083 GC heap before
{Heap before GC invocations=2 (full 0):
 garbage-first heap   total 120832K, used 53996K [0x000000008ac00000, 0x0000000100000000)
  region size 1024K, 40 young (40960K), 3 survivors (3072K)
 Metaspace       used 18229K, committed 18560K, reserved 1114112K
  class space    used 2215K, committed 2368K, reserved 1048576K
}
Event: 8.092 GC heap after
{Heap after GC invocations=3 (full 0):
 garbage-first heap   total 120832K, used 18836K [0x000000008ac00000, 0x0000000100000000)
  region size 1024K, 3 young (3072K), 3 survivors (3072K)
 Metaspace       used 18229K, committed 18560K, reserved 1114112K
  class space    used 2215K, committed 2368K, reserved 1048576K
}
Event: 8.319 GC heap before
{Heap before GC invocations=3 (full 0):
 garbage-first heap   total 120832K, used 30100K [0x000000008ac00000, 0x0000000100000000)
  region size 1024K, 16 young (16384K), 3 survivors (3072K)
 Metaspace       used 21159K, committed 21504K, reserved 1114112K
  class space    used 2655K, committed 2816K, reserved 1048576K
}
Event: 8.324 GC heap after
{Heap after GC invocations=4 (full 0):
 garbage-first heap   total 120832K, used 19619K [0x000000008ac00000, 0x0000000100000000)
  region size 1024K, 4 young (4096K), 4 survivors (4096K)
 Metaspace       used 21159K, committed 21504K, reserved 1114112K
  class space    used 2655K, committed 2816K, reserved 1048576K
}
Event: 8.660 GC heap before
{Heap before GC invocations=5 (full 0):
 garbage-first heap   total 61440K, used 48291K [0x000000008ac00000, 0x0000000100000000)
  region size 1024K, 28 young (28672K), 4 survivors (4096K)
 Metaspace       used 22998K, committed 23360K, reserved 1114112K
  class space    used 2972K, committed 3136K, reserved 1048576K
}
Event: 8.671 GC heap after
{Heap after GC invocations=6 (full 0):
 garbage-first heap   total 61440K, used 19529K [0x000000008ac00000, 0x0000000100000000)
  region size 1024K, 4 young (4096K), 4 survivors (4096K)
 Metaspace       used 22998K, committed 23360K, reserved 1114112K
  class space    used 2972K, committed 3136K, reserved 1048576K
}
Event: 9.369 GC heap before
{Heap before GC invocations=6 (full 0):
 garbage-first heap   total 61440K, used 41033K [0x000000008ac00000, 0x0000000100000000)
  region size 1024K, 26 young (26624K), 4 survivors (4096K)
 Metaspace       used 25896K, committed 26240K, reserved 1114112K
  class space    used 3304K, committed 3456K, reserved 1048576K
}
Event: 9.377 GC heap after
{Heap after GC invocations=7 (full 0):
 garbage-first heap   total 73728K, used 19623K [0x000000008ac00000, 0x0000000100000000)
  region size 1024K, 3 young (3072K), 3 survivors (3072K)
 Metaspace       used 25896K, committed 26240K, reserved 1114112K
  class space    used 3304K, committed 3456K, reserved 1048576K
}
Event: 10.502 GC heap before
{Heap before GC invocations=7 (full 0):
 garbage-first heap   total 73728K, used 51367K [0x000000008ac00000, 0x0000000100000000)
  region size 1024K, 34 young (34816K), 3 survivors (3072K)
 Metaspace       used 29436K, committed 29824K, reserved 1114112K
  class space    used 3778K, committed 3968K, reserved 1048576K
}
Event: 10.514 GC heap after
{Heap after GC invocations=8 (full 0):
 garbage-first heap   total 73728K, used 21047K [0x000000008ac00000, 0x0000000100000000)
  region size 1024K, 4 young (4096K), 4 survivors (4096K)
 Metaspace       used 29436K, committed 29824K, reserved 1114112K
  class space    used 3778K, committed 3968K, reserved 1048576K
}

